Build started 2016/3/14 17:51:06.
     1>Project "E:\PhoneManager\build\msvc\PhoneManager.vcxproj" on node 2 (Build target(s)).
     1>ClCompile:
         D:\vs2013\VC\bin\CL.exe /c /I../../include /ZI /nologo /W3 /WX- /sdl /Od /Oy- /D WIN32 /D _DEBUG /D _CONSOLE /D _LIB /D _MBCS /Gm /EHsc /RTC1 /MDd /GS /fp:precise /Zc:wchar_t /Zc:forScope /Fo"Debug\\" /Fd"Debug\vc120.pdb" /Gd /TP /analyze- /errorReport:prompt ..\..\src\Command.cpp ..\..\src\CommandFactory.cpp ..\..\src\main.cpp
         CommandFactory.cpp
         Generating Code...
         Skipping... (no relevant changes detected)
         main.cpp
         Command.cpp
       Link:
         D:\vs2013\VC\bin\link.exe /ERRORREPORT:PROMPT /OUT:"..\..\bin\Debug\PhoneManager.exe" /INCREMENTAL /NOLOGO kernel32.lib user32.lib gdi32.lib winspool.lib comdlg32.lib advapi32.lib shell32.lib ole32.lib oleaut32.lib uuid.lib odbc32.lib odbccp32.lib /MANIFEST /MANIFESTUAC:"level='asInvoker' uiAccess='false'" /manifest:embed /DEBUG /PDB:"..\..\bin\Debug\PhoneManager.pdb" /SUBSYSTEM:CONSOLE /TLBID:1 /DYNAMICBASE /NXCOMPAT /IMPLIB:"..\..\bin\Debug\PhoneManager.lib" /MACHINE:X86 Debug\BackupCommand.obj
         Debug\CheckConnectionCommand.obj
         Debug\Command.obj
         Debug\CommandFactory.obj
         Debug\DownloadCommand.obj
         Debug\InstallCommand.obj
         Debug\main.obj
         Debug\RestoreCommand.obj
         Debug\UninstallCommand.obj
         Debug\UploadCommand.obj
         PhoneManager.vcxproj -> E:\PhoneManager\build\msvc\..\..\bin\Debug\PhoneManager.exe
     1>Done Building Project "E:\PhoneManager\build\msvc\PhoneManager.vcxproj" (Build target(s)).

Build succeeded.

Time Elapsed 00:00:01.16
