e:\myproject\myproject\phonemanager\build\msvc\release\vc120.pdb
e:\myproject\myproject\phonemanager\build\msvc\release\main.obj
e:\myproject\myproject\phonemanager\build\msvc\release\commandfactory.obj
e:\myproject\myproject\phonemanager\build\msvc\release\checkconnectioncommand.obj
e:\myproject\myproject\phonemanager\build\msvc\release\uploadcommand.obj
e:\myproject\myproject\phonemanager\build\msvc\release\uninstallcommand.obj
e:\myproject\myproject\phonemanager\build\msvc\release\restorecommand.obj
e:\myproject\myproject\phonemanager\build\msvc\release\installcommand.obj
e:\myproject\myproject\phonemanager\build\msvc\release\downloadcommand.obj
e:\myproject\myproject\phonemanager\build\msvc\release\command.obj
e:\myproject\myproject\phonemanager\build\msvc\release\backupcommand.obj
e:\phonemanager\build\msvc\release\vc120.pdb
e:\phonemanager\build\msvc\release\main.obj
e:\phonemanager\build\msvc\release\uploadcommand.obj
e:\phonemanager\build\msvc\release\uninstallcommand.obj
e:\phonemanager\build\msvc\release\restorecommand.obj
e:\phonemanager\build\msvc\release\installcommand.obj
e:\phonemanager\build\msvc\release\downloadcommand.obj
e:\phonemanager\build\msvc\release\commandfactory.obj
e:\phonemanager\build\msvc\release\command.obj
e:\phonemanager\build\msvc\release\checkconnectioncommand.obj
e:\phonemanager\build\msvc\release\backupcommand.obj
e:\myproject\myproject\phonemanager\bin\release\phonemanager.exe
e:\myproject\myproject\phonemanager\bin\release\phonemanager.pdb
e:\phonemanager\bin\release\phonemanager.exe
e:\phonemanager\bin\release\phonemanager.pdb
e:\phonemanager\build\msvc\..\..\bin\release\phonemanager.exe
e:\phonemanager\build\msvc\release\phonemanager.tlog\cl.command.1.tlog
e:\phonemanager\build\msvc\release\phonemanager.tlog\cl.read.1.tlog
e:\phonemanager\build\msvc\release\phonemanager.tlog\cl.write.1.tlog
e:\phonemanager\build\msvc\release\phonemanager.tlog\link.command.1.tlog
e:\phonemanager\build\msvc\release\phonemanager.tlog\link.read.1.tlog
e:\phonemanager\build\msvc\release\phonemanager.tlog\link.write.1.tlog
